<?xml version="1.0" encoding="UTF-8"?>
<!-- Generated by org.testng.reporters.JUnitXMLReporter -->
<testsuite ignored="0" hostname="INLEN8520037165" failures="0" tests="2" name="Error Validation Test" time="16.569" errors="0" timestamp="2024-07-10T12:23:57 IST">
  <testcase classname="FrameWorks.SeleniumFrameworkDesign.ErrorValidationsTest" name="loginErrorValidation" time="2.446"/>
  <testcase classname="FrameWorks.SeleniumFrameworkDesign.ErrorValidationsTest" name="productErrorValidation" time="5.654"/>
</testsuite> <!-- Error Validation Test -->
