<?xml version="1.0" encoding="UTF-8"?>
<!-- Generated by org.testng.reporters.JUnitXMLReporter -->
<testsuite ignored="0" hostname="INLEN8520037165" failures="0" tests="2" name="Error Validation Test" time="15.153" errors="0" timestamp="2024-07-12T12:00:13 IST">
  <testcase classname="FrameWorks.SeleniumFrameworkDesign.ErrorValidationsTest" name="loginErrorValidation" time="1.994"/>
  <testcase classname="FrameWorks.SeleniumFrameworkDesign.ErrorValidationsTest" name="productErrorValidation" time="4.392"/>
</testsuite> <!-- Error Validation Test -->
