<?xml version="1.0" encoding="UTF-8"?>
<!-- Generated by org.testng.reporters.JUnitXMLReporter -->
<testsuite ignored="0" hostname="INLEN8520037165" failures="0" tests="3" name="Stand Alone Test" time="33.033" errors="0" timestamp="2024-07-12T12:00:30 IST">
  <testcase classname="FrameWorks.SeleniumFrameworkDesign.StandAloneTest" name="StandAlone" time="8.222"/>
  <testcase classname="FrameWorks.SeleniumFrameworkDesign.StandAloneTest" name="StandAlone" time="8.877"/>
  <testcase classname="FrameWorks.SeleniumFrameworkDesign.StandAloneTest" name="OrderIsDisplayed" time="2.538"/>
</testsuite> <!-- Stand Alone Test -->
