<?xml version="1.0" encoding="UTF-8"?>
<testsuite xmlns:xsi="http://www.w3.org/2001/XMLSchema-instance" xsi:noNamespaceSchemaLocation="https://maven.apache.org/surefire/maven-surefire-plugin/xsd/surefire-test-report.xsd" version="3.0.1" name="TestSuite" time="34.657" tests="5" errors="0" skipped="0" failures="0">
  <properties>
[...]
</properties>
  <testcase name="loginErrorValidation" classname="FrameWorks.SeleniumFrameworkDesign.ErrorValidationsTest" time="2.004"/>
  <testcase name="productErrorValidation" classname="FrameWorks.SeleniumFrameworkDesign.ErrorValidationsTest" time="4.393"/>
  <testcase name="StandAlone[{password=Gopiecom@123, email=gopinathv@gmail.com, productName=ADIDAS ORIGINAL}](1)" classname="FrameWorks.SeleniumFrameworkDesign.StandAloneTest" time="2.396"/>
  <testcase name="StandAlone[{password=Iamking@000, email=shetty@gmail.com, productName=IPHONE 13 PRO}](2)" classname="FrameWorks.SeleniumFrameworkDesign.StandAloneTest" time="8.878"/>
  <testcase name="OrderIsDisplayed" classname="FrameWorks.SeleniumFrameworkDesign.StandAloneTest" time="2.538"/>
</testsuite>